c:\users\gameuser\desktop\terraingeneration\opengl terrain\opengl terrain\debug\vc141.pdb
c:\users\gameuser\desktop\terraingeneration\opengl terrain\opengl terrain\debug\vc141.idb
c:\users\gameuser\desktop\terraingeneration\opengl terrain\opengl terrain\debug\terrain.obj
c:\users\gameuser\desktop\terraingeneration\opengl terrain\opengl terrain\debug\main.obj
c:\users\gameuser\desktop\terraingeneration\opengl terrain\debug\opengl terrain.pdb
c:\users\gameuser\desktop\terraingeneration\opengl terrain\opengl terrain\debug\opengl terrain.tlog\cl.command.1.tlog
c:\users\gameuser\desktop\terraingeneration\opengl terrain\opengl terrain\debug\opengl terrain.tlog\cl.read.1.tlog
c:\users\gameuser\desktop\terraingeneration\opengl terrain\opengl terrain\debug\opengl terrain.tlog\cl.write.1.tlog
c:\users\gameuser\desktop\terraingeneration\opengl terrain\opengl terrain\debug\opengl terrain.tlog\link-cvtres.read.1.tlog
c:\users\gameuser\desktop\terraingeneration\opengl terrain\opengl terrain\debug\opengl terrain.tlog\link-cvtres.write.1.tlog
c:\users\gameuser\desktop\terraingeneration\opengl terrain\opengl terrain\debug\opengl terrain.tlog\link-rc.read.1.tlog
c:\users\gameuser\desktop\terraingeneration\opengl terrain\opengl terrain\debug\opengl terrain.tlog\link-rc.write.1.tlog
c:\users\gameuser\desktop\terraingeneration\opengl terrain\opengl terrain\debug\opengl terrain.tlog\link.8424-cvtres.read.1.tlog
c:\users\gameuser\desktop\terraingeneration\opengl terrain\opengl terrain\debug\opengl terrain.tlog\link.8424-cvtres.write.1.tlog
c:\users\gameuser\desktop\terraingeneration\opengl terrain\opengl terrain\debug\opengl terrain.tlog\link.8424-rc.read.1.tlog
c:\users\gameuser\desktop\terraingeneration\opengl terrain\opengl terrain\debug\opengl terrain.tlog\link.8424-rc.write.1.tlog
c:\users\gameuser\desktop\terraingeneration\opengl terrain\opengl terrain\debug\opengl terrain.tlog\link.8424.read.1.tlog
c:\users\gameuser\desktop\terraingeneration\opengl terrain\opengl terrain\debug\opengl terrain.tlog\link.8424.write.1.tlog
c:\users\gameuser\desktop\terraingeneration\opengl terrain\opengl terrain\debug\opengl terrain.tlog\link.command.1.tlog
c:\users\gameuser\desktop\terraingeneration\opengl terrain\opengl terrain\debug\opengl terrain.tlog\link.read.1.tlog
c:\users\gameuser\desktop\terraingeneration\opengl terrain\opengl terrain\debug\opengl terrain.tlog\link.write.1.tlog
